<?xml version="1.0" encoding="UTF-8"?>
<testsuite xmlns:xsi="http://www.w3.org/2001/XMLSchema-instance" xsi:schemaLocation="https://maven.apache.org/surefire/maven-surefire-plugin/xsd/surefire-test-report.xsd" name="TestRunner" time="44.551" tests="2" errors="0" skipped="0" failures="0">
  <properties>
[...]
</properties>
  <testcase name="Validate login with valid credentials" classname="Catalog Login" time="18.649"/>
  <testcase name="Validate Register" classname="Catalog Register" time="25.394"/>
</testsuite>